<?xml version="1.0" encoding="UTF-8"?>
<!-- Generated by org.testng.reporters.JUnitReportReporter -->
<testsuite hostname="LAPTOP-3H72KH3U" failures="0" tests="2" name="com.dqp.api.measure.CreateMeasureAccuracy" time="6.728" errors="0" timestamp="2021-01-11T17:32:26 IST" skipped="1">
  <testcase classname="com.dqp.api.measure.CreateMeasureAccuracy" name="createAccuracyMeasureType" time="6.728"/>
  <system-out/>
  <testcase classname="com.dqp.api.measure.CreateMeasureAccuracy" name="delete">
    <skipped/>
  </testcase> <!-- delete -->
  <system-out/>
</testsuite> <!-- com.dqp.api.measure.CreateMeasureAccuracy -->
