<?xml version="1.0" encoding="UTF-8"?>
<!-- Generated by org.testng.reporters.JUnitReportReporter -->
<testsuite hostname="LAPTOP-3H72KH3U" failures="0" tests="3" name="com.dqp.api.storyboard.CreateUpdateStoryboardProfiling" time="6.122" errors="0" timestamp="2021-01-13T13:41:01 IST" skipped="2">
  <testcase classname="com.dqp.api.storyboard.CreateUpdateStoryboardProfiling" name="delete" time="6.122"/>
  <system-out/>
  <testcase classname="com.dqp.api.storyboard.CreateUpdateStoryboardProfiling" name="createStory">
    <skipped/>
  </testcase> <!-- createStory -->
  <system-out/>
  <testcase classname="com.dqp.api.storyboard.CreateUpdateStoryboardProfiling" name="updateStory">
    <skipped/>
  </testcase> <!-- updateStory -->
  <system-out/>
</testsuite> <!-- com.dqp.api.storyboard.CreateUpdateStoryboardProfiling -->
