<?xml version="1.0" encoding="UTF-8"?>
<!-- Generated by org.testng.reporters.JUnitReportReporter -->
<testsuite hostname="LAPTOP-3H72KH3U" failures="0" tests="3" name="com.dqp.api.storyboard.CreateUpdateStoryboardNegativeTC" time="7.225" errors="0" timestamp="2021-01-17T18:10:56 IST" skipped="2">
  <testcase classname="com.dqp.api.storyboard.CreateUpdateStoryboardNegativeTC" name="delete" time="7.225"/>
  <system-out/>
  <testcase classname="com.dqp.api.storyboard.CreateUpdateStoryboardNegativeTC" name="updateStory">
    <skipped/>
  </testcase> <!-- updateStory -->
  <system-out/>
  <testcase classname="com.dqp.api.storyboard.CreateUpdateStoryboardNegativeTC" name="createStory">
    <skipped/>
  </testcase> <!-- createStory -->
  <system-out/>
</testsuite> <!-- com.dqp.api.storyboard.CreateUpdateStoryboardNegativeTC -->
