<?xml version="1.0" encoding="UTF-8"?>
<!-- Generated by org.testng.reporters.JUnitReportReporter -->
<testsuite hostname="LAPTOP-3H72KH3U" failures="0" tests="2" name="com.dqp.api.measure.clone.cloneValidityMeasure" time="1.400" errors="0" timestamp="2021-01-11T18:18:38 IST" skipped="1">
  <testcase classname="com.dqp.api.measure.clone.cloneValidityMeasure" name="createValidityMeasureType" time="1.400"/>
  <system-out/>
  <testcase classname="com.dqp.api.measure.clone.cloneValidityMeasure" name="delete">
    <skipped/>
  </testcase> <!-- delete -->
  <system-out/>
</testsuite> <!-- com.dqp.api.measure.clone.cloneValidityMeasure -->
