<?xml version="1.0" encoding="UTF-8"?>
<!-- Generated by org.testng.reporters.JUnitReportReporter -->
<testsuite hostname="LAPTOP-3H72KH3U" failures="0" tests="3" name="com.dqp.api.storyboard.CreateUpdateStoryboardProfiling" time="6.284" errors="0" timestamp="2021-01-20T15:10:54 IST" skipped="2">
  <testcase classname="com.dqp.api.storyboard.CreateUpdateStoryboardProfiling" name="createStory" time="6.284"/>
  <system-out/>
  <testcase classname="com.dqp.api.storyboard.CreateUpdateStoryboardProfiling" name="delete">
    <skipped/>
  </testcase> <!-- delete -->
  <system-out/>
  <testcase classname="com.dqp.api.storyboard.CreateUpdateStoryboardProfiling" name="updateStory">
    <skipped/>
  </testcase> <!-- updateStory -->
  <system-out/>
</testsuite> <!-- com.dqp.api.storyboard.CreateUpdateStoryboardProfiling -->
