<?xml version="1.0" encoding="UTF-8"?>
<!-- Generated by org.testng.reporters.JUnitReportReporter -->
<testsuite hostname="LAPTOP-3H72KH3U" failures="0" tests="3" name="com.dqp.api.jobs.CreateJobsComplete" time="9.351" errors="0" timestamp="2021-01-12T16:04:45 IST" skipped="2">
  <testcase classname="com.dqp.api.jobs.CreateJobsComplete" name="delete" time="9.351"/>
  <system-out/>
  <testcase classname="com.dqp.api.jobs.CreateJobsComplete" name="createCompletenessJob">
    <skipped/>
  </testcase> <!-- createCompletenessJob -->
  <system-out/>
  <testcase classname="com.dqp.api.jobs.CreateJobsComplete" name="editCompletenessJob">
    <skipped/>
  </testcase> <!-- editCompletenessJob -->
  <system-out/>
</testsuite> <!-- com.dqp.api.jobs.CreateJobsComplete -->
