<?xml version="1.0" encoding="UTF-8"?>
<!-- Generated by org.testng.reporters.JUnitReportReporter -->
<testsuite hostname="LAPTOP-3H72KH3U" failures="0" tests="2" name="com.dqp.api.measure.CreateMeasureAnomaly" time="6.326" errors="0" timestamp="2021-01-11T17:15:49 IST" skipped="1">
  <testcase classname="com.dqp.api.measure.CreateMeasureAnomaly" name="createAnomalyMeasureType" time="6.326"/>
  <system-out/>
  <testcase classname="com.dqp.api.measure.CreateMeasureAnomaly" name="delete">
    <skipped/>
  </testcase> <!-- delete -->
  <system-out/>
</testsuite> <!-- com.dqp.api.measure.CreateMeasureAnomaly -->
