<?xml version="1.0" encoding="UTF-8"?>
<!-- Generated by org.testng.reporters.JUnitReportReporter -->
<testsuite hostname="LAPTOP-3H72KH3U" failures="0" tests="3" name="com.dqp.api.storyboard.CreateUpdateStoryboardDistinct" time="6.549" errors="0" timestamp="2021-01-20T15:01:52 IST" skipped="2">
  <testcase classname="com.dqp.api.storyboard.CreateUpdateStoryboardDistinct" name="updateStory" time="6.549"/>
  <system-out/>
  <testcase classname="com.dqp.api.storyboard.CreateUpdateStoryboardDistinct" name="delete">
    <skipped/>
  </testcase> <!-- delete -->
  <system-out/>
  <testcase classname="com.dqp.api.storyboard.CreateUpdateStoryboardDistinct" name="createStory">
    <skipped/>
  </testcase> <!-- createStory -->
  <system-out/>
</testsuite> <!-- com.dqp.api.storyboard.CreateUpdateStoryboardDistinct -->
