<?xml version="1.0" encoding="UTF-8"?>
<!-- Generated by org.testng.reporters.JUnitReportReporter -->
<testsuite hostname="LAPTOP-3H72KH3U" failures="0" tests="3" name="com.dqp.api.storyboard.CreateUpdateStoryboardAccuracy" time="6.018" errors="0" timestamp="2021-01-21T10:58:09 IST" skipped="2">
  <testcase classname="com.dqp.api.storyboard.CreateUpdateStoryboardAccuracy" name="createStory" time="6.018"/>
  <system-out/>
  <testcase classname="com.dqp.api.storyboard.CreateUpdateStoryboardAccuracy" name="updateStoryPUT">
    <skipped/>
  </testcase> <!-- updateStoryPUT -->
  <system-out/>
  <testcase classname="com.dqp.api.storyboard.CreateUpdateStoryboardAccuracy" name="delete">
    <skipped/>
  </testcase> <!-- delete -->
  <system-out/>
</testsuite> <!-- com.dqp.api.storyboard.CreateUpdateStoryboardAccuracy -->
