<?xml version="1.0" encoding="UTF-8"?>
<!-- Generated by org.testng.reporters.JUnitReportReporter -->
<testsuite hostname="LAPTOP-3H72KH3U" failures="0" tests="2" name="com.dqp.api.measure.clone.cloneAccuracyMeasure" time="6.367" errors="0" timestamp="2021-01-20T14:44:21 IST" skipped="1">
  <testcase classname="com.dqp.api.measure.clone.cloneAccuracyMeasure" name="createAccuracyMeasureType" time="6.367"/>
  <system-out/>
  <testcase classname="com.dqp.api.measure.clone.cloneAccuracyMeasure" name="delete">
    <skipped/>
  </testcase> <!-- delete -->
  <system-out/>
</testsuite> <!-- com.dqp.api.measure.clone.cloneAccuracyMeasure -->
