<?xml version="1.0" encoding="UTF-8"?>
<!-- Generated by org.testng.reporters.JUnitReportReporter -->
<testsuite hostname="LAPTOP-3H72KH3U" failures="0" tests="4" name="com.dqp.api.jobs.CreateJobsNegativeTC" time="12.663" errors="0" timestamp="2021-01-17T18:51:44 IST" skipped="1">
  <testcase classname="com.dqp.api.jobs.CreateJobsNegativeTC" name="invalidMeasureName" time="6.135"/>
  <system-out/>
  <testcase classname="com.dqp.api.jobs.CreateJobsNegativeTC" name="invalidCronExpression" time="5.107"/>
  <system-out/>
  <testcase classname="com.dqp.api.jobs.CreateJobsNegativeTC" name="invalidTableName" time="1.421"/>
  <system-out/>
  <testcase classname="com.dqp.api.jobs.CreateJobsNegativeTC" name="delete">
    <skipped/>
  </testcase> <!-- delete -->
  <system-out/>
</testsuite> <!-- com.dqp.api.jobs.CreateJobsNegativeTC -->
