<?xml version="1.0" encoding="UTF-8"?>
<!-- Generated by org.testng.reporters.JUnitReportReporter -->
<testsuite hostname="LAPTOP-3H72KH3U" failures="0" tests="3" name="com.dqp.api.storyboard.CreateUpdateStoryboardAccuracy" time="6.289" errors="0" timestamp="2021-01-13T17:01:30 IST" skipped="2">
  <testcase classname="com.dqp.api.storyboard.CreateUpdateStoryboardAccuracy" name="delete" time="6.289"/>
  <system-out/>
  <testcase classname="com.dqp.api.storyboard.CreateUpdateStoryboardAccuracy" name="updateStory">
    <skipped/>
  </testcase> <!-- updateStory -->
  <system-out/>
  <testcase classname="com.dqp.api.storyboard.CreateUpdateStoryboardAccuracy" name="createStory">
    <skipped/>
  </testcase> <!-- createStory -->
  <system-out/>
</testsuite> <!-- com.dqp.api.storyboard.CreateUpdateStoryboardAccuracy -->
