<?xml version="1.0" encoding="UTF-8"?>
<!-- Generated by org.testng.reporters.JUnitReportReporter -->
<testsuite hostname="LAPTOP-3H72KH3U" failures="0" tests="3" name="com.dqp.api.storyboard.CreateStoryboard" time="5.967" errors="0" timestamp="2021-01-13T13:03:10 IST" skipped="2">
  <testcase classname="com.dqp.api.storyboard.CreateStoryboard" name="updateStory" time="5.967"/>
  <system-out/>
  <testcase classname="com.dqp.api.storyboard.CreateStoryboard" name="delete">
    <skipped/>
  </testcase> <!-- delete -->
  <system-out/>
  <testcase classname="com.dqp.api.storyboard.CreateStoryboard" name="createStory">
    <skipped/>
  </testcase> <!-- createStory -->
  <system-out/>
</testsuite> <!-- com.dqp.api.storyboard.CreateStoryboard -->
