<?xml version="1.0" encoding="UTF-8"?>
<!-- Generated by org.testng.reporters.JUnitReportReporter -->
<testsuite hostname="LAPTOP-3H72KH3U" failures="0" tests="1" name="method_types.Authentication" time="7.482" errors="0" timestamp="2020-12-22T16:13:28 IST" skipped="0">
  <testcase classname="method_types.Authentication" name="main" time="7.482"/>
  <system-out/>
</testsuite> <!-- method_types.Authentication -->
