<?xml version="1.0" encoding="UTF-8"?>
<!-- Generated by org.testng.reporters.JUnitReportReporter -->
<testsuite hostname="LAPTOP-3H72KH3U" failures="0" tests="3" name="com.dqp.api.storyboard.CreateUpdateStoryboardComplete" time="6.164" errors="0" timestamp="2021-01-23T16:56:02 IST" skipped="2">
  <testcase classname="com.dqp.api.storyboard.CreateUpdateStoryboardComplete" name="delete" time="6.164"/>
  <system-out/>
  <testcase classname="com.dqp.api.storyboard.CreateUpdateStoryboardComplete" name="createStory">
    <skipped/>
  </testcase> <!-- createStory -->
  <system-out/>
  <testcase classname="com.dqp.api.storyboard.CreateUpdateStoryboardComplete" name="updateStory">
    <skipped/>
  </testcase> <!-- updateStory -->
  <system-out/>
</testsuite> <!-- com.dqp.api.storyboard.CreateUpdateStoryboardComplete -->
