<?xml version="1.0" encoding="UTF-8"?>
<!-- Generated by org.testng.reporters.JUnitReportReporter -->
<testsuite hostname="LAPTOP-3H72KH3U" failures="0" tests="3" name="com.dqp.api.measure.clone.cloneMeasureNegativeTC" time="5.962" errors="0" timestamp="2021-01-17T18:35:40 IST" skipped="2">
  <testcase classname="com.dqp.api.measure.clone.cloneMeasureNegativeTC" name="createMeasureTypeAlreadtExist" time="5.962"/>
  <system-out/>
  <testcase classname="com.dqp.api.measure.clone.cloneMeasureNegativeTC" name="delete">
    <skipped/>
  </testcase> <!-- delete -->
  <system-out/>
  <testcase classname="com.dqp.api.measure.clone.cloneMeasureNegativeTC" name="createCompletenessMeasureType">
    <skipped/>
  </testcase> <!-- createCompletenessMeasureType -->
  <system-out/>
</testsuite> <!-- com.dqp.api.measure.clone.cloneMeasureNegativeTC -->
