<?xml version="1.0" encoding="UTF-8"?>
<!-- Generated by org.testng.reporters.JUnitReportReporter -->
<testsuite hostname="LAPTOP-3H72KH3U" failures="0" tests="2" name="com.dqp.api.measure.clone.cloneCompleteMeasure" time="6.795" errors="0" timestamp="2021-01-20T14:39:41 IST" skipped="1">
  <testcase classname="com.dqp.api.measure.clone.cloneCompleteMeasure" name="createCompletenessMeasureType" time="6.795"/>
  <system-out/>
  <testcase classname="com.dqp.api.measure.clone.cloneCompleteMeasure" name="delete">
    <skipped/>
  </testcase> <!-- delete -->
  <system-out/>
</testsuite> <!-- com.dqp.api.measure.clone.cloneCompleteMeasure -->
