<?xml version="1.0" encoding="UTF-8"?>
<!-- Generated by org.testng.reporters.JUnitReportReporter -->
<testsuite hostname="LAPTOP-3H72KH3U" failures="0" tests="1" name="method_types.login_page" time="14.704" errors="0" timestamp="2020-12-16T22:25:10 IST" skipped="0">
  <testcase classname="method_types.login_page" name="main" time="14.704"/>
  <system-out/>
</testsuite> <!-- method_types.login_page -->
