<?xml version="1.0" encoding="UTF-8"?>
<!-- Generated by org.testng.reporters.JUnitReportReporter -->
<testsuite hostname="LAPTOP-3H72KH3U" failures="0" tests="2" name="com.dqp.api.CreateMeasureComplete" time="6.215" errors="0" timestamp="2021-01-11T15:47:07 IST" skipped="1">
  <testcase classname="com.dqp.api.CreateMeasureComplete" name="loginAuthentication" time="6.215"/>
  <system-out/>
  <testcase classname="com.dqp.api.CreateMeasureComplete" name="delete">
    <skipped/>
  </testcase> <!-- delete -->
  <system-out/>
</testsuite> <!-- com.dqp.api.CreateMeasureComplete -->
