<?xml version="1.0" encoding="UTF-8"?>
<!-- Generated by org.testng.reporters.JUnitReportReporter -->
<testsuite hostname="LAPTOP-3H72KH3U" failures="0" tests="2" name="com.dqp.api.measure.CreateMeasureValidity" time="1.949" errors="0" timestamp="2021-01-11T17:15:34 IST" skipped="1">
  <testcase classname="com.dqp.api.measure.CreateMeasureValidity" name="createValidityMeasureType" time="1.949"/>
  <system-out/>
  <testcase classname="com.dqp.api.measure.CreateMeasureValidity" name="delete">
    <skipped/>
  </testcase> <!-- delete -->
  <system-out/>
</testsuite> <!-- com.dqp.api.measure.CreateMeasureValidity -->
