<?xml version="1.0" encoding="UTF-8"?>
<!-- Generated by org.testng.reporters.JUnitReportReporter -->
<testsuite hostname="LAPTOP-3H72KH3U" failures="0" tests="2" name="com.dqp.api.measure.CreateMeasureComplete" time="6.985" errors="0" timestamp="2021-01-20T15:55:22 IST" skipped="1">
  <testcase classname="com.dqp.api.measure.CreateMeasureComplete" name="createCompletenessMeasureType" time="6.985"/>
  <system-out/>
  <testcase classname="com.dqp.api.measure.CreateMeasureComplete" name="delete">
    <skipped/>
  </testcase> <!-- delete -->
  <system-out/>
</testsuite> <!-- com.dqp.api.measure.CreateMeasureComplete -->
